<component name="libraryTable">
  <library name="junit-jupiter-5.8.2">
    <CLASSES>
      <root url="jar://$PROJECT_DIR$/../junit-jupiter-5.8.2.jar!/" />
      <root url="jar://$PROJECT_DIR$/../junit-jupiter-api-5.8.2.jar!/" />
      <root url="jar://$PROJECT_DIR$/../junit-jupiter-engine-5.8.2.jar!/" />
      <root url="jar://$PROJECT_DIR$/../junit-jupiter-params-5.8.2.jar!/" />
      <root url="jar://$PROJECT_DIR$/../junit-platform-commons-1.8.2.jar!/" />
      <root url="jar://$PROJECT_DIR$/../junit-platform-engine-1.8.2.jar!/" />
      <root url="jar://$PROJECT_DIR$/../opentest4j-1.2.0.jar!/" />
      <root url="jar://$PROJECT_DIR$/../PersistenciaObjetos.jar!/" />
    </CLASSES>
    <JAVADOC />
    <SOURCES />
  </library>
</component>